Tue Oct 28 05:26:03 PM EDT 2025: Installation started
Tue Oct 28 05:26:03 PM EDT 2025: Original user is nsweeting
Tue Oct 28 05:26:03 PM EDT 2025: Arch Linux detected. Installation proceeding.
Tue Oct 28 05:26:03 PM EDT 2025: Auto mode: executing script /home/nsweeting/simple-hyprland/scripts/installer/prerequisites.sh without prompts
Tue Oct 28 05:26:03 PM EDT 2025: Installation started for prerequisites section
Tue Oct 28 05:26:03 PM EDT 2025: Attempting to run: Update package database and upgrade packages (Recommended)
Tue Oct 28 05:26:05 PM EDT 2025: Update package database and upgrade packages (Recommended) completed successfully.
Tue Oct 28 05:26:05 PM EDT 2025: Attempting to run: Install YAY (Must)/Breaks the script
Tue Oct 28 05:26:05 PM EDT 2025: Install YAY (Must)/Breaks the script completed successfully.
Tue Oct 28 05:26:05 PM EDT 2025: Attempting to run: Clone YAY (Must)/Breaks the script
Tue Oct 28 05:26:07 PM EDT 2025: Clone YAY (Must)/Breaks the script completed successfully.
Tue Oct 28 05:26:07 PM EDT 2025: Attempting to run: Build YAY (Must)/Breaks the script
Tue Oct 28 05:27:05 PM EDT 2025: Build YAY (Must)/Breaks the script completed successfully.
Tue Oct 28 05:27:05 PM EDT 2025: Attempting to run: Install IWD for Wi-Fi management (Recommended)
Tue Oct 28 05:27:05 PM EDT 2025: Install IWD for Wi-Fi management (Recommended) completed successfully.
Tue Oct 28 05:27:05 PM EDT 2025: Attempting to run: Install BlueZ for Bluetooth support (Recommended)
Tue Oct 28 05:27:07 PM EDT 2025: Install BlueZ for Bluetooth support (Recommended) completed successfully.
Tue Oct 28 05:27:07 PM EDT 2025: Attempting to run: Install Pipewire and Wireplumber for audio control (Recommended)
Tue Oct 28 05:27:09 PM EDT 2025: Install Pipewire and Wireplumber for audio control (Recommended) completed successfully.
Tue Oct 28 05:27:09 PM EDT 2025: Attempting to run: Install brightnessctl for backlight control (Recommended)
Tue Oct 28 05:27:10 PM EDT 2025: Install brightnessctl for backlight control (Recommended) completed successfully.
Tue Oct 28 05:27:10 PM EDT 2025: Attempting to run: Installing Nerd Fonts and Symbols (Recommended)
Tue Oct 28 05:27:34 PM EDT 2025: Installing Nerd Fonts and Symbols (Recommended) completed successfully.
Tue Oct 28 05:27:34 PM EDT 2025: Attempting to run: Install and enable SDDM (Recommended)
Tue Oct 28 05:27:53 PM EDT 2025: Install and enable SDDM (Recommended) completed successfully.
Tue Oct 28 05:27:53 PM EDT 2025: Attempting to run: Install Brave Browser
Tue Oct 28 05:28:49 PM EDT 2025: Install Brave Browser completed successfully.
Tue Oct 28 05:28:49 PM EDT 2025: Attempting to run: Install Kitty & Ghostty - Terminal Emulators (Recommended)
Tue Oct 28 05:28:58 PM EDT 2025: Install Kitty & Ghostty - Terminal Emulators (Recommended) completed successfully.
Tue Oct 28 05:28:58 PM EDT 2025: Attempting to run: Install Nano and Neovim - Text Editors
Tue Oct 28 05:28:59 PM EDT 2025: Install Nano and Neovim - Text Editors completed successfully.
Tue Oct 28 05:28:59 PM EDT 2025: Attempting to run: Install tar and 7zip for extracting files (Must)/needed for copying themes
Tue Oct 28 05:29:00 PM EDT 2025: Install tar and 7zip for extracting files (Must)/needed for copying themes completed successfully.
Tue Oct 28 05:29:00 PM EDT 2025: Auto mode: executing script /home/nsweeting/simple-hyprland/scripts/installer/hypr.sh without prompts
Tue Oct 28 05:29:00 PM EDT 2025: Installation started for hypr section
Tue Oct 28 05:29:00 PM EDT 2025: Attempting to run: Install Hyprland (Must)
Tue Oct 28 05:29:12 PM EDT 2025: Install Hyprland (Must) completed successfully.
Tue Oct 28 05:29:12 PM EDT 2025: Attempting to run: Copy hyprland config (Must)
Tue Oct 28 05:29:12 PM EDT 2025: Copy hyprland config (Must) completed successfully.
Tue Oct 28 05:29:12 PM EDT 2025: Attempting to run: Install XDG desktop portal for Hyprland
Tue Oct 28 05:29:14 PM EDT 2025: Install XDG desktop portal for Hyprland completed successfully.
Tue Oct 28 05:29:14 PM EDT 2025: Attempting to run: Install Hypr Polkit Agent for authentication dialogs
Tue Oct 28 05:29:15 PM EDT 2025: Install Hypr Polkit Agent for authentication dialogs completed successfully.
Tue Oct 28 05:29:15 PM EDT 2025: Attempting to run: Install Mako notification daemon
Tue Oct 28 05:29:16 PM EDT 2025: Install Mako notification daemon completed successfully.
Tue Oct 28 05:29:16 PM EDT 2025: Attempting to run: Copy mako config
Tue Oct 28 05:29:16 PM EDT 2025: Copy mako config completed successfully.
Tue Oct 28 05:29:16 PM EDT 2025: Attempting to run: Install QT support on wayland
Tue Oct 28 05:29:20 PM EDT 2025: Install QT support on wayland completed successfully.
Tue Oct 28 05:29:20 PM EDT 2025: Auto mode: executing script /home/nsweeting/simple-hyprland/scripts/installer/utilities.sh without prompts
Tue Oct 28 05:29:20 PM EDT 2025: Installation started for utilities section
Tue Oct 28 05:29:20 PM EDT 2025: Attempting to run: Install Waybar - Status Bar
Tue Oct 28 05:29:25 PM EDT 2025: Install Waybar - Status Bar completed successfully.
Tue Oct 28 05:29:25 PM EDT 2025: Attempting to run: Copy Waybar config
Tue Oct 28 05:29:25 PM EDT 2025: Copy Waybar config completed successfully.
Tue Oct 28 05:29:25 PM EDT 2025: Attempting to run: Install Tofi - Application Launcher
Tue Oct 28 05:29:47 PM EDT 2025: Install Tofi - Application Launcher completed successfully.
Tue Oct 28 05:29:47 PM EDT 2025: Attempting to run: Copy Tofi config(s)
Tue Oct 28 05:29:47 PM EDT 2025: Copy Tofi config(s) completed successfully.
Tue Oct 28 05:29:47 PM EDT 2025: Attempting to run: Install Hyprpicker - Color Picker
Tue Oct 28 05:29:56 PM EDT 2025: Install Hyprpicker - Color Picker completed successfully.
Tue Oct 28 05:29:56 PM EDT 2025: Attempting to run: Install Hyprlock - Screen Locker (Must)
Tue Oct 28 05:30:06 PM EDT 2025: Install Hyprlock - Screen Locker (Must) completed successfully.
Tue Oct 28 05:30:06 PM EDT 2025: Attempting to run: Copy Hyprlock config
Tue Oct 28 05:30:06 PM EDT 2025: Copy Hyprlock config completed successfully.
Tue Oct 28 05:30:06 PM EDT 2025: Attempting to run: Install Wlogout - Session Manager
Tue Oct 28 05:30:28 PM EDT 2025: Install Wlogout - Session Manager completed successfully.
Tue Oct 28 05:30:28 PM EDT 2025: Attempting to run: Copy Wlogout config and assets
Tue Oct 28 05:30:28 PM EDT 2025: Copy Wlogout config and assets completed successfully.
Tue Oct 28 05:30:28 PM EDT 2025: Attempting to run: Install Hypridle for idle management (Must)
Tue Oct 28 05:30:35 PM EDT 2025: Install Hypridle for idle management (Must) completed successfully.
Tue Oct 28 05:30:35 PM EDT 2025: Attempting to run: Copy Hypridle config
Tue Oct 28 05:30:35 PM EDT 2025: Copy Hypridle config completed successfully.
Tue Oct 28 05:30:35 PM EDT 2025: Attempting to run: Install PCManFM - File Manager
Tue Oct 28 05:31:13 PM EDT 2025: Install PCManFM - File Manager completed successfully.
Tue Oct 28 05:31:13 PM EDT 2025: Auto mode: executing script /home/nsweeting/simple-hyprland/scripts/installer/theming.sh without prompts
Tue Oct 28 05:31:13 PM EDT 2025: Installation started for theming section
Tue Oct 28 05:31:13 PM EDT 2025: Attempting to run: Install nwg-look for GTK theme management
Tue Oct 28 05:31:14 PM EDT 2025: Install nwg-look for GTK theme management completed successfully.
Tue Oct 28 05:31:14 PM EDT 2025: Attempting to run: Install Qt5, Qt6 Settings, and Kvantum theme engines
Tue Oct 28 05:31:15 PM EDT 2025: Install Qt5, Qt6 Settings, and Kvantum theme engines completed successfully.
Tue Oct 28 05:31:15 PM EDT 2025: Attempting to run: Install Catppuccin Mocha GTK theme
Tue Oct 28 05:31:15 PM EDT 2025: Install Catppuccin Mocha GTK theme completed successfully.
Tue Oct 28 05:31:15 PM EDT 2025: Attempting to run: Install Tela Circle Dracula icon theme
Tue Oct 28 05:31:22 PM EDT 2025: Install Tela Circle Dracula icon theme completed successfully.
Tue Oct 28 05:31:22 PM EDT 2025: Attempting to run: Install Catppuccin theme for Kvantum
Tue Oct 28 05:31:47 PM EDT 2025: Install Catppuccin theme for Kvantum completed successfully.
Tue Oct 28 05:31:47 PM EDT 2025: Attempting to run: Copy Catppuccin theme configuration for Kitty terminal
Tue Oct 28 05:31:47 PM EDT 2025: Copy Catppuccin theme configuration for Kitty terminal completed successfully.
Tue Oct 28 05:31:47 PM EDT 2025: Auto mode: executing script /home/nsweeting/simple-hyprland/scripts/installer/final.sh without prompts
Tue Oct 28 05:31:47 PM EDT 2025: Final setup script started
Tue Oct 28 05:31:47 PM EDT 2025: Installation completed successfully
